<?xml version="1.0" encoding="UTF-8"?>
<testsuite xmlns:xsi="http://www.w3.org/2001/XMLSchema-instance" xsi:noNamespaceSchemaLocation="https://maven.apache.org/surefire/maven-surefire-plugin/xsd/surefire-test-report.xsd" name="com.abc.ApplicationTests" time="2.232" tests="1" errors="0" skipped="0" failures="0">
  <properties>
    <property name="java.specification.version" value="13"/>
    <property name="sun.cpu.isalist" value="amd64"/>
    <property name="sun.jnu.encoding" value="GBK"/>
    <property name="java.class.path" value="E:\idea_projects\springboot-courses\05-mutienv\target\test-classes;E:\idea_projects\springboot-courses\05-mutienv\target\classes;D:\ideaIC-2020.1.win\repository\org\springframework\boot\spring-boot-starter-web\2.2.12.RELEASE\spring-boot-starter-web-2.2.12.RELEASE.jar;D:\ideaIC-2020.1.win\repository\org\springframework\boot\spring-boot-starter\2.2.12.RELEASE\spring-boot-starter-2.2.12.RELEASE.jar;D:\ideaIC-2020.1.win\repository\org\springframework\boot\spring-boot\2.2.12.RELEASE\spring-boot-2.2.12.RELEASE.jar;D:\ideaIC-2020.1.win\repository\org\springframework\boot\spring-boot-autoconfigure\2.2.12.RELEASE\spring-boot-autoconfigure-2.2.12.RELEASE.jar;D:\ideaIC-2020.1.win\repository\org\springframework\boot\spring-boot-starter-logging\2.2.12.RELEASE\spring-boot-starter-logging-2.2.12.RELEASE.jar;D:\ideaIC-2020.1.win\repository\ch\qos\logback\logback-classic\1.2.3\logback-classic-1.2.3.jar;D:\ideaIC-2020.1.win\repository\ch\qos\logback\logback-core\1.2.3\logback-core-1.2.3.jar;D:\ideaIC-2020.1.win\repository\org\apache\logging\log4j\log4j-to-slf4j\2.12.1\log4j-to-slf4j-2.12.1.jar;D:\ideaIC-2020.1.win\repository\org\apache\logging\log4j\log4j-api\2.12.1\log4j-api-2.12.1.jar;D:\ideaIC-2020.1.win\repository\org\slf4j\jul-to-slf4j\1.7.30\jul-to-slf4j-1.7.30.jar;D:\ideaIC-2020.1.win\repository\jakarta\annotation\jakarta.annotation-api\1.3.5\jakarta.annotation-api-1.3.5.jar;D:\ideaIC-2020.1.win\repository\org\yaml\snakeyaml\1.25\snakeyaml-1.25.jar;D:\ideaIC-2020.1.win\repository\org\springframework\boot\spring-boot-starter-json\2.2.12.RELEASE\spring-boot-starter-json-2.2.12.RELEASE.jar;D:\ideaIC-2020.1.win\repository\com\fasterxml\jackson\core\jackson-databind\2.10.5.1\jackson-databind-2.10.5.1.jar;D:\ideaIC-2020.1.win\repository\com\fasterxml\jackson\core\jackson-annotations\2.10.5\jackson-annotations-2.10.5.jar;D:\ideaIC-2020.1.win\repository\com\fasterxml\jackson\core\jackson-core\2.10.5\jackson-core-2.10.5.jar;D:\ideaIC-2020.1.win\repository\com\fasterxml\jackson\datatype\jackson-datatype-jdk8\2.10.5\jackson-datatype-jdk8-2.10.5.jar;D:\ideaIC-2020.1.win\repository\com\fasterxml\jackson\datatype\jackson-datatype-jsr310\2.10.5\jackson-datatype-jsr310-2.10.5.jar;D:\ideaIC-2020.1.win\repository\com\fasterxml\jackson\module\jackson-module-parameter-names\2.10.5\jackson-module-parameter-names-2.10.5.jar;D:\ideaIC-2020.1.win\repository\org\springframework\boot\spring-boot-starter-tomcat\2.2.12.RELEASE\spring-boot-starter-tomcat-2.2.12.RELEASE.jar;D:\ideaIC-2020.1.win\repository\org\apache\tomcat\embed\tomcat-embed-core\9.0.41\tomcat-embed-core-9.0.41.jar;D:\ideaIC-2020.1.win\repository\org\apache\tomcat\embed\tomcat-embed-el\9.0.41\tomcat-embed-el-9.0.41.jar;D:\ideaIC-2020.1.win\repository\org\apache\tomcat\embed\tomcat-embed-websocket\9.0.41\tomcat-embed-websocket-9.0.41.jar;D:\ideaIC-2020.1.win\repository\org\springframework\boot\spring-boot-starter-validation\2.2.12.RELEASE\spring-boot-starter-validation-2.2.12.RELEASE.jar;D:\ideaIC-2020.1.win\repository\jakarta\validation\jakarta.validation-api\2.0.2\jakarta.validation-api-2.0.2.jar;D:\ideaIC-2020.1.win\repository\org\hibernate\validator\hibernate-validator\6.0.21.Final\hibernate-validator-6.0.21.Final.jar;D:\ideaIC-2020.1.win\repository\org\jboss\logging\jboss-logging\3.4.1.Final\jboss-logging-3.4.1.Final.jar;D:\ideaIC-2020.1.win\repository\com\fasterxml\classmate\1.5.1\classmate-1.5.1.jar;D:\ideaIC-2020.1.win\repository\org\springframework\spring-web\5.2.12.RELEASE\spring-web-5.2.12.RELEASE.jar;D:\ideaIC-2020.1.win\repository\org\springframework\spring-beans\5.2.12.RELEASE\spring-beans-5.2.12.RELEASE.jar;D:\ideaIC-2020.1.win\repository\org\springframework\spring-webmvc\5.2.12.RELEASE\spring-webmvc-5.2.12.RELEASE.jar;D:\ideaIC-2020.1.win\repository\org\springframework\spring-aop\5.2.12.RELEASE\spring-aop-5.2.12.RELEASE.jar;D:\ideaIC-2020.1.win\repository\org\springframework\spring-context\5.2.12.RELEASE\spring-context-5.2.12.RELEASE.jar;D:\ideaIC-2020.1.win\repository\org\springframework\spring-expression\5.2.12.RELEASE\spring-expression-5.2.12.RELEASE.jar;D:\ideaIC-2020.1.win\repository\org\springframework\boot\spring-boot-starter-test\2.2.12.RELEASE\spring-boot-starter-test-2.2.12.RELEASE.jar;D:\ideaIC-2020.1.win\repository\org\springframework\boot\spring-boot-test\2.2.12.RELEASE\spring-boot-test-2.2.12.RELEASE.jar;D:\ideaIC-2020.1.win\repository\org\springframework\boot\spring-boot-test-autoconfigure\2.2.12.RELEASE\spring-boot-test-autoconfigure-2.2.12.RELEASE.jar;D:\ideaIC-2020.1.win\repository\com\jayway\jsonpath\json-path\2.4.0\json-path-2.4.0.jar;D:\ideaIC-2020.1.win\repository\net\minidev\json-smart\2.3\json-smart-2.3.jar;D:\ideaIC-2020.1.win\repository\net\minidev\accessors-smart\1.2\accessors-smart-1.2.jar;D:\ideaIC-2020.1.win\repository\org\ow2\asm\asm\5.0.4\asm-5.0.4.jar;D:\ideaIC-2020.1.win\repository\org\slf4j\slf4j-api\1.7.30\slf4j-api-1.7.30.jar;D:\ideaIC-2020.1.win\repository\jakarta\xml\bind\jakarta.xml.bind-api\2.3.3\jakarta.xml.bind-api-2.3.3.jar;D:\ideaIC-2020.1.win\repository\jakarta\activation\jakarta.activation-api\1.2.2\jakarta.activation-api-1.2.2.jar;D:\ideaIC-2020.1.win\repository\org\junit\jupiter\junit-jupiter\5.5.2\junit-jupiter-5.5.2.jar;D:\ideaIC-2020.1.win\repository\org\junit\jupiter\junit-jupiter-api\5.5.2\junit-jupiter-api-5.5.2.jar;D:\ideaIC-2020.1.win\repository\org\apiguardian\apiguardian-api\1.1.0\apiguardian-api-1.1.0.jar;D:\ideaIC-2020.1.win\repository\org\opentest4j\opentest4j\1.2.0\opentest4j-1.2.0.jar;D:\ideaIC-2020.1.win\repository\org\junit\platform\junit-platform-commons\1.5.2\junit-platform-commons-1.5.2.jar;D:\ideaIC-2020.1.win\repository\org\junit\jupiter\junit-jupiter-params\5.5.2\junit-jupiter-params-5.5.2.jar;D:\ideaIC-2020.1.win\repository\org\junit\jupiter\junit-jupiter-engine\5.5.2\junit-jupiter-engine-5.5.2.jar;D:\ideaIC-2020.1.win\repository\org\junit\platform\junit-platform-engine\1.5.2\junit-platform-engine-1.5.2.jar;D:\ideaIC-2020.1.win\repository\org\mockito\mockito-junit-jupiter\3.1.0\mockito-junit-jupiter-3.1.0.jar;D:\ideaIC-2020.1.win\repository\org\assertj\assertj-core\3.13.2\assertj-core-3.13.2.jar;D:\ideaIC-2020.1.win\repository\org\hamcrest\hamcrest\2.1\hamcrest-2.1.jar;D:\ideaIC-2020.1.win\repository\org\mockito\mockito-core\3.1.0\mockito-core-3.1.0.jar;D:\ideaIC-2020.1.win\repository\net\bytebuddy\byte-buddy\1.10.18\byte-buddy-1.10.18.jar;D:\ideaIC-2020.1.win\repository\net\bytebuddy\byte-buddy-agent\1.10.18\byte-buddy-agent-1.10.18.jar;D:\ideaIC-2020.1.win\repository\org\objenesis\objenesis\2.6\objenesis-2.6.jar;D:\ideaIC-2020.1.win\repository\org\skyscreamer\jsonassert\1.5.0\jsonassert-1.5.0.jar;D:\ideaIC-2020.1.win\repository\com\vaadin\external\google\android-json\0.0.20131108.vaadin1\android-json-0.0.20131108.vaadin1.jar;D:\ideaIC-2020.1.win\repository\org\springframework\spring-core\5.2.12.RELEASE\spring-core-5.2.12.RELEASE.jar;D:\ideaIC-2020.1.win\repository\org\springframework\spring-jcl\5.2.12.RELEASE\spring-jcl-5.2.12.RELEASE.jar;D:\ideaIC-2020.1.win\repository\org\springframework\spring-test\5.2.12.RELEASE\spring-test-5.2.12.RELEASE.jar;D:\ideaIC-2020.1.win\repository\org\xmlunit\xmlunit-core\2.6.4\xmlunit-core-2.6.4.jar;"/>
    <property name="java.vm.vendor" value="Oracle Corporation"/>
    <property name="sun.arch.data.model" value="64"/>
    <property name="user.variant" value=""/>
    <property name="java.vendor.url" value="https://java.oracle.com/"/>
    <property name="user.timezone" value="Asia/Shanghai"/>
    <property name="os.name" value="Windows 10"/>
    <property name="java.vm.specification.version" value="13"/>
    <property name="sun.java.launcher" value="SUN_STANDARD"/>
    <property name="user.country" value="CN"/>
    <property name="sun.boot.library.path" value="D:\Program Files\Java\jdk-13.0.2\bin"/>
    <property name="sun.java.command" value="C:\Users\jacky\AppData\Local\Temp\surefire634593141926806271\surefirebooter6824967437223365987.jar C:\Users\jacky\AppData\Local\Temp\surefire634593141926806271 2020-12-12T01-14-04_834-jvmRun1 surefire11466227646925294692tmp surefire_011206795887399284893tmp"/>
    <property name="jdk.debug" value="release"/>
    <property name="surefire.test.class.path" value="E:\idea_projects\springboot-courses\05-mutienv\target\test-classes;E:\idea_projects\springboot-courses\05-mutienv\target\classes;D:\ideaIC-2020.1.win\repository\org\springframework\boot\spring-boot-starter-web\2.2.12.RELEASE\spring-boot-starter-web-2.2.12.RELEASE.jar;D:\ideaIC-2020.1.win\repository\org\springframework\boot\spring-boot-starter\2.2.12.RELEASE\spring-boot-starter-2.2.12.RELEASE.jar;D:\ideaIC-2020.1.win\repository\org\springframework\boot\spring-boot\2.2.12.RELEASE\spring-boot-2.2.12.RELEASE.jar;D:\ideaIC-2020.1.win\repository\org\springframework\boot\spring-boot-autoconfigure\2.2.12.RELEASE\spring-boot-autoconfigure-2.2.12.RELEASE.jar;D:\ideaIC-2020.1.win\repository\org\springframework\boot\spring-boot-starter-logging\2.2.12.RELEASE\spring-boot-starter-logging-2.2.12.RELEASE.jar;D:\ideaIC-2020.1.win\repository\ch\qos\logback\logback-classic\1.2.3\logback-classic-1.2.3.jar;D:\ideaIC-2020.1.win\repository\ch\qos\logback\logback-core\1.2.3\logback-core-1.2.3.jar;D:\ideaIC-2020.1.win\repository\org\apache\logging\log4j\log4j-to-slf4j\2.12.1\log4j-to-slf4j-2.12.1.jar;D:\ideaIC-2020.1.win\repository\org\apache\logging\log4j\log4j-api\2.12.1\log4j-api-2.12.1.jar;D:\ideaIC-2020.1.win\repository\org\slf4j\jul-to-slf4j\1.7.30\jul-to-slf4j-1.7.30.jar;D:\ideaIC-2020.1.win\repository\jakarta\annotation\jakarta.annotation-api\1.3.5\jakarta.annotation-api-1.3.5.jar;D:\ideaIC-2020.1.win\repository\org\yaml\snakeyaml\1.25\snakeyaml-1.25.jar;D:\ideaIC-2020.1.win\repository\org\springframework\boot\spring-boot-starter-json\2.2.12.RELEASE\spring-boot-starter-json-2.2.12.RELEASE.jar;D:\ideaIC-2020.1.win\repository\com\fasterxml\jackson\core\jackson-databind\2.10.5.1\jackson-databind-2.10.5.1.jar;D:\ideaIC-2020.1.win\repository\com\fasterxml\jackson\core\jackson-annotations\2.10.5\jackson-annotations-2.10.5.jar;D:\ideaIC-2020.1.win\repository\com\fasterxml\jackson\core\jackson-core\2.10.5\jackson-core-2.10.5.jar;D:\ideaIC-2020.1.win\repository\com\fasterxml\jackson\datatype\jackson-datatype-jdk8\2.10.5\jackson-datatype-jdk8-2.10.5.jar;D:\ideaIC-2020.1.win\repository\com\fasterxml\jackson\datatype\jackson-datatype-jsr310\2.10.5\jackson-datatype-jsr310-2.10.5.jar;D:\ideaIC-2020.1.win\repository\com\fasterxml\jackson\module\jackson-module-parameter-names\2.10.5\jackson-module-parameter-names-2.10.5.jar;D:\ideaIC-2020.1.win\repository\org\springframework\boot\spring-boot-starter-tomcat\2.2.12.RELEASE\spring-boot-starter-tomcat-2.2.12.RELEASE.jar;D:\ideaIC-2020.1.win\repository\org\apache\tomcat\embed\tomcat-embed-core\9.0.41\tomcat-embed-core-9.0.41.jar;D:\ideaIC-2020.1.win\repository\org\apache\tomcat\embed\tomcat-embed-el\9.0.41\tomcat-embed-el-9.0.41.jar;D:\ideaIC-2020.1.win\repository\org\apache\tomcat\embed\tomcat-embed-websocket\9.0.41\tomcat-embed-websocket-9.0.41.jar;D:\ideaIC-2020.1.win\repository\org\springframework\boot\spring-boot-starter-validation\2.2.12.RELEASE\spring-boot-starter-validation-2.2.12.RELEASE.jar;D:\ideaIC-2020.1.win\repository\jakarta\validation\jakarta.validation-api\2.0.2\jakarta.validation-api-2.0.2.jar;D:\ideaIC-2020.1.win\repository\org\hibernate\validator\hibernate-validator\6.0.21.Final\hibernate-validator-6.0.21.Final.jar;D:\ideaIC-2020.1.win\repository\org\jboss\logging\jboss-logging\3.4.1.Final\jboss-logging-3.4.1.Final.jar;D:\ideaIC-2020.1.win\repository\com\fasterxml\classmate\1.5.1\classmate-1.5.1.jar;D:\ideaIC-2020.1.win\repository\org\springframework\spring-web\5.2.12.RELEASE\spring-web-5.2.12.RELEASE.jar;D:\ideaIC-2020.1.win\repository\org\springframework\spring-beans\5.2.12.RELEASE\spring-beans-5.2.12.RELEASE.jar;D:\ideaIC-2020.1.win\repository\org\springframework\spring-webmvc\5.2.12.RELEASE\spring-webmvc-5.2.12.RELEASE.jar;D:\ideaIC-2020.1.win\repository\org\springframework\spring-aop\5.2.12.RELEASE\spring-aop-5.2.12.RELEASE.jar;D:\ideaIC-2020.1.win\repository\org\springframework\spring-context\5.2.12.RELEASE\spring-context-5.2.12.RELEASE.jar;D:\ideaIC-2020.1.win\repository\org\springframework\spring-expression\5.2.12.RELEASE\spring-expression-5.2.12.RELEASE.jar;D:\ideaIC-2020.1.win\repository\org\springframework\boot\spring-boot-starter-test\2.2.12.RELEASE\spring-boot-starter-test-2.2.12.RELEASE.jar;D:\ideaIC-2020.1.win\repository\org\springframework\boot\spring-boot-test\2.2.12.RELEASE\spring-boot-test-2.2.12.RELEASE.jar;D:\ideaIC-2020.1.win\repository\org\springframework\boot\spring-boot-test-autoconfigure\2.2.12.RELEASE\spring-boot-test-autoconfigure-2.2.12.RELEASE.jar;D:\ideaIC-2020.1.win\repository\com\jayway\jsonpath\json-path\2.4.0\json-path-2.4.0.jar;D:\ideaIC-2020.1.win\repository\net\minidev\json-smart\2.3\json-smart-2.3.jar;D:\ideaIC-2020.1.win\repository\net\minidev\accessors-smart\1.2\accessors-smart-1.2.jar;D:\ideaIC-2020.1.win\repository\org\ow2\asm\asm\5.0.4\asm-5.0.4.jar;D:\ideaIC-2020.1.win\repository\org\slf4j\slf4j-api\1.7.30\slf4j-api-1.7.30.jar;D:\ideaIC-2020.1.win\repository\jakarta\xml\bind\jakarta.xml.bind-api\2.3.3\jakarta.xml.bind-api-2.3.3.jar;D:\ideaIC-2020.1.win\repository\jakarta\activation\jakarta.activation-api\1.2.2\jakarta.activation-api-1.2.2.jar;D:\ideaIC-2020.1.win\repository\org\junit\jupiter\junit-jupiter\5.5.2\junit-jupiter-5.5.2.jar;D:\ideaIC-2020.1.win\repository\org\junit\jupiter\junit-jupiter-api\5.5.2\junit-jupiter-api-5.5.2.jar;D:\ideaIC-2020.1.win\repository\org\apiguardian\apiguardian-api\1.1.0\apiguardian-api-1.1.0.jar;D:\ideaIC-2020.1.win\repository\org\opentest4j\opentest4j\1.2.0\opentest4j-1.2.0.jar;D:\ideaIC-2020.1.win\repository\org\junit\platform\junit-platform-commons\1.5.2\junit-platform-commons-1.5.2.jar;D:\ideaIC-2020.1.win\repository\org\junit\jupiter\junit-jupiter-params\5.5.2\junit-jupiter-params-5.5.2.jar;D:\ideaIC-2020.1.win\repository\org\junit\jupiter\junit-jupiter-engine\5.5.2\junit-jupiter-engine-5.5.2.jar;D:\ideaIC-2020.1.win\repository\org\junit\platform\junit-platform-engine\1.5.2\junit-platform-engine-1.5.2.jar;D:\ideaIC-2020.1.win\repository\org\mockito\mockito-junit-jupiter\3.1.0\mockito-junit-jupiter-3.1.0.jar;D:\ideaIC-2020.1.win\repository\org\assertj\assertj-core\3.13.2\assertj-core-3.13.2.jar;D:\ideaIC-2020.1.win\repository\org\hamcrest\hamcrest\2.1\hamcrest-2.1.jar;D:\ideaIC-2020.1.win\repository\org\mockito\mockito-core\3.1.0\mockito-core-3.1.0.jar;D:\ideaIC-2020.1.win\repository\net\bytebuddy\byte-buddy\1.10.18\byte-buddy-1.10.18.jar;D:\ideaIC-2020.1.win\repository\net\bytebuddy\byte-buddy-agent\1.10.18\byte-buddy-agent-1.10.18.jar;D:\ideaIC-2020.1.win\repository\org\objenesis\objenesis\2.6\objenesis-2.6.jar;D:\ideaIC-2020.1.win\repository\org\skyscreamer\jsonassert\1.5.0\jsonassert-1.5.0.jar;D:\ideaIC-2020.1.win\repository\com\vaadin\external\google\android-json\0.0.20131108.vaadin1\android-json-0.0.20131108.vaadin1.jar;D:\ideaIC-2020.1.win\repository\org\springframework\spring-core\5.2.12.RELEASE\spring-core-5.2.12.RELEASE.jar;D:\ideaIC-2020.1.win\repository\org\springframework\spring-jcl\5.2.12.RELEASE\spring-jcl-5.2.12.RELEASE.jar;D:\ideaIC-2020.1.win\repository\org\springframework\spring-test\5.2.12.RELEASE\spring-test-5.2.12.RELEASE.jar;D:\ideaIC-2020.1.win\repository\org\xmlunit\xmlunit-core\2.6.4\xmlunit-core-2.6.4.jar;"/>
    <property name="sun.cpu.endian" value="little"/>
    <property name="user.home" value="C:\Users\jacky"/>
    <property name="user.language" value="zh"/>
    <property name="java.specification.vendor" value="Oracle Corporation"/>
    <property name="java.version.date" value="2020-01-14"/>
    <property name="java.home" value="D:\Program Files\Java\jdk-13.0.2"/>
    <property name="file.separator" value="\"/>
    <property name="basedir" value="E:\idea_projects\springboot-courses\05-mutienv"/>
    <property name="java.vm.compressedOopsMode" value="Zero based"/>
    <property name="line.separator" value="&#10;"/>
    <property name="java.vm.specification.vendor" value="Oracle Corporation"/>
    <property name="java.specification.name" value="Java Platform API Specification"/>
    <property name="surefire.real.class.path" value="C:\Users\jacky\AppData\Local\Temp\surefire634593141926806271\surefirebooter6824967437223365987.jar"/>
    <property name="user.script" value=""/>
    <property name="sun.management.compiler" value="HotSpot 64-Bit Tiered Compilers"/>
    <property name="java.runtime.version" value="13.0.2+8"/>
    <property name="user.name" value="jacky"/>
    <property name="path.separator" value=";"/>
    <property name="os.version" value="10.0"/>
    <property name="java.runtime.name" value="Java(TM) SE Runtime Environment"/>
    <property name="file.encoding" value="GBK"/>
    <property name="java.vm.name" value="Java HotSpot(TM) 64-Bit Server VM"/>
    <property name="idea.version2020.1" value="true"/>
    <property name="localRepository" value="D:\ideaIC-2020.1.win\repository"/>
    <property name="java.vendor.url.bug" value="https://bugreport.java.com/bugreport/"/>
    <property name="java.io.tmpdir" value="C:\Users\jacky\AppData\Local\Temp\"/>
    <property name="java.version" value="13.0.2"/>
    <property name="user.dir" value="E:\idea_projects\springboot-courses\05-mutienv"/>
    <property name="os.arch" value="amd64"/>
    <property name="java.vm.specification.name" value="Java Virtual Machine Specification"/>
    <property name="sun.os.patch.level" value=""/>
    <property name="java.library.path" value="D:\Program Files\Java\jdk-13.0.2\bin;C:\Windows\Sun\Java\bin;C:\Windows\system32;C:\Windows;C:\Program Files (x86)\Common Files\Oracle\Java\javapath;C:\Windows\system32;C:\Windows;C:\Windows\System32\Wbem;C:\Windows\System32\WindowsPowerShell\v1.0\;C:\Windows\System32\OpenSSH\;C:\Program Files (x86)\NVIDIA Corporation\PhysX\Common;C:\Program Files\NVIDIA Corporation\NVIDIA NvDLISR;D:\python37;D:\python37\Scripts;D:\XAMPP\mysql\bin;D:\Program Files\Java\jre1.8.0_261\bin;D:\Program Files\Java\jdk-13.0.2\bin;D:\Program Files\Java\jdk-13.0.2\jre\bin;C:\ProgramData\chocolatey\bin;D:\Program Files\Git\cmd;D:\Program Files\nodejs\;D:\Program Files (x86)\NetSarang\Xshell 7\;C:\Users\jacky\AppData\Local\Microsoft\WindowsApps;D:\Program Files\JetBrains\PyCharm 2019.3.1\bin;D:\Program Files\JetBrains\PyCharm Community Edition 2019.2\bin;D:\Programs\Fiddler;C:\Users\jacky\AppData\Roaming\npm;."/>
    <property name="java.vm.info" value="mixed mode, sharing"/>
    <property name="java.vendor" value="Oracle Corporation"/>
    <property name="java.vm.version" value="13.0.2+8"/>
    <property name="sun.io.unicode.encoding" value="UnicodeLittle"/>
    <property name="java.class.version" value="57.0"/>
  </properties>
  <testcase name="contextLoads" classname="com.abc.ApplicationTests" time="0.337"/>
</testsuite>